This is pdfTeX, Version 3.1415926-2.5-1.40.14 (TeX Live 2013) (format=pdflatex 2013.5.30)  19 JUL 2015 15:37
entering extended mode
 \write18 enabled.
 file:line:error style messages enabled.
 %&-line parsing enabled.
**skeleton.tex
(./skeleton.tex
LaTeX2e <2011/06/27>
Babel <3.9f> and hyphenation patterns for 78 languages loaded.
(/usr/local/texlive/2013/texmf-dist/tex/latex/emulateapj/emulateapj.cls
Document Class: emulateapj 
\bibbaselineskip=\skip41
(/usr/local/texlive/2013/texmf-dist/tex/latex/revtex/revtex4-1.cls
Document Class: revtex4-1 2010/07/25/20:33:00 4.1r (http://publish.aps.org/revt
ex4/ for documentation)
 Copyright (c) 2009 The American Physical Society.
 mailto:revtex@aps.org
 Licensed under the LPPL:
http://www.ctan.org/tex-archive/macros/latex/base/lppl.txt
 Arthur Ogawa <arthur_ogawa at sbcglobal dot net>
 Based on work by David Carlisle <david at dcarlisle.demon.co.uk>.
ltxutil[2010/07/25/20:33:00 4.1r utilities package (portions licensed from W. E
. Baxter web at superscript.com)]
LaTeX Info: Redefining \@centercr on input line 308.
Class revtex4-1 Info: Repairing broken LaTeX eqnarray on input line 358.
\eqncolsep=\skip42
Class revtex4-1 Info: Repairing hyperref-unfriendly LaTeX definition of \mpfoot
note on input line 433.
Class revtex4-1 Info: Repairing broken LateX \@sect on input line 755.
\intertabularlinepenalty=\count79
\@tbpen=\count80
\@arstrutbox@hline=\box26
Class revtex4-1 Info: Repairing broken LaTeX \@xbitor on input line 1786.
Class revtex4-1 Info: Making \typeout \long on input line 2046.
ltxfront[2010/07/25/20:33:00 4.1r frontmatter package (AO,DPC)]
\c@affil=\count81
\c@collab=\count82
\absbox=\box27
ltxgrid[2010/07/25/20:33:00 4.1r page grid package (portions licensed from W. E
. Baxter web at superscript.com)]
\c@linecount=\count83
\output@latex=\toks14
\box@size@1=\box28
\box@size@2=\box29
\@protection@box=\box30
\@topmark@saved=\toks15
\footins@saved=\box31
\footins@recovered=\box32
\column@recovered=\box33
\pagesofar=\box34
\footsofar=\box35
\pagegrid@col=\count84
Class revtex4-1 Info: Overriding \@vspace, \@vspacer, \@no@pgbk, \@newline, and
 \\  on input line 5578.
\c@part=\count85
\c@section=\count86
\c@subsection=\count87
\c@subsubsection=\count88
\c@paragraph=\count89
\c@subparagraph=\count90
\abovecaptionskip=\skip43
\belowcaptionskip=\skip44
\c@figure=\count91
\fbox@1=\box36
\c@table=\count92
\fbox@2=\box37
\c@video=\count93
\fbox@4=\box38
\@bibdataout=\write3
\widetext@top=\box39
\widetext@bot=\box40

Class revtex4-1 Warning: No Society specified, using default society aps.

(/usr/local/texlive/2013/texmf-dist/tex/latex/revtex/aps4-1.rtx
File: aps4-1 2010/07/25/20:33:00 4.1r (http://publish.aps.org/revtex4/ for docu
mentation)
Class revtex4-1 Info: RevTeX society APS selected on input line 31.
)

Class revtex4-1 Warning: No journal specified, using default pra.

Class revtex4-1 Info: APS journal PRA selected on input line 7545.

Class revtex4-1 Warning: No type size specified, using default 10.

(/usr/local/texlive/2013/texmf-dist/tex/latex/revtex/aps10pt4-1.rtx
File: aps10pt4-1 2010/07/25/20:33:00 4.1r (http://publish.aps.org/revtex4/ for 
documentation)
Class revtex4-1 Info: RevTeX pointsize 10pt selected on input line 30.
)
(/usr/local/texlive/2013/texmf-dist/tex/latex/textcase/textcase.sty
Package: textcase 2004/10/07 v0.07 Text only upper/lower case changing (DPC)
)
(/usr/local/texlive/2013/texmf-dist/tex/latex/url/url.sty
\Urlmuskip=\muskip10
Package: url 2006/04/12  ver 3.3  Verb mode for urls, etc.
)
(/usr/local/texlive/2013/texmf-dist/tex/latex/natbib/natbib.sty
Package: natbib 2010/09/13 8.31b (PWD, AO)
\bibhang=\skip45
\bibsep=\skip46
LaTeX Info: Redefining \cite on input line 694.
\c@NAT@ctr=\count94
)
Class revtex4-1 Info: Repairing natbib's \BibitemShut on input line 7549.

(/usr/local/texlive/2013/texmf-dist/tex/latex/revtex/revsymb4-1.sty
Package: revsymb4-1 2010/07/25/20:33:00 4.1r (http://publish.aps.org/revtex4/ f
or documentation)
LaTeX Info: Redefining \REV@mathfrak on input line 119.
))
(/usr/local/texlive/2013/texmf-dist/tex/latex/base/latexsym.sty
Package: latexsym 1998/08/17 v2.2e Standard LaTeX package (lasy symbols)
\symlasy=\mathgroup4
LaTeX Font Info:    Overwriting symbol font `lasy' in version `bold'
(Font)                  U/lasy/m/n --> U/lasy/b/n on input line 47.
)
(/usr/local/texlive/2013/texmf-dist/tex/latex/graphics/graphicx.sty
Package: graphicx 1999/02/16 v1.0f Enhanced LaTeX Graphics (DPC,SPQR)

(/usr/local/texlive/2013/texmf-dist/tex/latex/graphics/keyval.sty
Package: keyval 1999/03/16 v1.13 key=value parser (DPC)
\KV@toks@=\toks16
)
(/usr/local/texlive/2013/texmf-dist/tex/latex/graphics/graphics.sty
Package: graphics 2009/02/05 v1.0o Standard LaTeX Graphics (DPC,SPQR)

(/usr/local/texlive/2013/texmf-dist/tex/latex/graphics/trig.sty
Package: trig 1999/03/16 v1.09 sin cos tan (DPC)
)
(/usr/local/texlive/2013/texmf-dist/tex/latex/latexconfig/graphics.cfg
File: graphics.cfg 2010/04/23 v1.9 graphics configuration of TeX Live
)
Package graphics Info: Driver file: pdftex.def on input line 91.

(/usr/local/texlive/2013/texmf-dist/tex/latex/pdftex-def/pdftex.def
File: pdftex.def 2011/05/27 v0.06d Graphics/color for pdfTeX

(/usr/local/texlive/2013/texmf-dist/tex/generic/oberdiek/infwarerr.sty
Package: infwarerr 2010/04/08 v1.3 Providing info/warning/error messages (HO)
)
(/usr/local/texlive/2013/texmf-dist/tex/generic/oberdiek/ltxcmds.sty
Package: ltxcmds 2011/11/09 v1.22 LaTeX kernel commands for general use (HO)
)
\Gread@gobject=\count95
))
\Gin@req@height=\dimen102
\Gin@req@width=\dimen103
)
(/usr/local/texlive/2013/texmf-dist/tex/latex/amsfonts/amssymb.sty
Package: amssymb 2013/01/14 v3.01 AMS font symbols

(/usr/local/texlive/2013/texmf-dist/tex/latex/amsfonts/amsfonts.sty
Package: amsfonts 2013/01/14 v3.01 Basic AMSFonts support
\@emptytoks=\toks17
\symAMSa=\mathgroup5
\symAMSb=\mathgroup6
LaTeX Font Info:    Overwriting math alphabet `\mathfrak' in version `bold'
(Font)                  U/euf/m/n --> U/euf/b/n on input line 106.
LaTeX Info: Redefining \frak on input line 111.
LaTeX Info: Redefining \Bbb on input line 113.
))
(/usr/local/texlive/2013/texmf-dist/tex/latex/tools/longtable.sty
Package: longtable 2004/02/01 v4.11 Multi-page Table package (DPC)
\LTleft=\skip47
\LTright=\skip48
\LTpre=\skip49
\LTpost=\skip50
\LTchunksize=\count96
\LTcapwidth=\dimen104
\LT@head=\box41
\LT@firsthead=\box42
\LT@foot=\box43
\LT@lastfoot=\box44
\LT@cols=\count97
\LT@rows=\count98
\c@LT@tables=\count99
\c@LT@chunks=\count100
\LT@p@ftn=\toks18
)
(/usr/local/texlive/2013/texmf-dist/tex/generic/epsf/epsf.sty
This is `epsf.tex' v2.7.4 <14 February 2011>
\epsffilein=\read1
\epsfframemargin=\dimen105
\epsfframethickness=\dimen106
\epsfrsize=\dimen107
\epsftmp=\dimen108
\epsftsize=\dimen109
\epsfxsize=\dimen110
\epsfysize=\dimen111
\pspoints=\dimen112
)
\c@front@matter@foot@note=\count101
\alt@affil@toks=\toks19
\alt@affil@toks@count=\toks20
\keys@width=\skip51
\c@lastfootnote=\count102
\c@remember@figure@num=\count103
\c@remember@table@num=\count104
\bibindent=\dimen113
\plot@width=\skip52
\c@table@save=\count105
\table@note@skip=\skip53
\deluxe@table@width=\skip54
\@d@t@a=\skip55
\c@deluxe@table@num=\count106
\abovedeluxetableskip=\skip56
\belowdeluxetableskip=\skip57
\lastrowheight=\dimen114
\DT@p@ftn=\toks21
\pt@column=\count107
\pt@ncol=\count108
) (/usr/local/texlive/2013/texmf-dist/tex/latex/hyperref/hyperref.sty
Package: hyperref 2012/11/06 v6.83m Hypertext links for LaTeX

(/usr/local/texlive/2013/texmf-dist/tex/generic/oberdiek/hobsub-hyperref.sty
Package: hobsub-hyperref 2012/05/28 v1.13 Bundle oberdiek, subset hyperref (HO)


(/usr/local/texlive/2013/texmf-dist/tex/generic/oberdiek/hobsub-generic.sty
Package: hobsub-generic 2012/05/28 v1.13 Bundle oberdiek, subset generic (HO)
Package: hobsub 2012/05/28 v1.13 Construct package bundles (HO)
Package hobsub Info: Skipping package `infwarerr' (already loaded).
Package hobsub Info: Skipping package `ltxcmds' (already loaded).
Package: ifluatex 2010/03/01 v1.3 Provides the ifluatex switch (HO)
Package ifluatex Info: LuaTeX not detected.
Package: ifvtex 2010/03/01 v1.5 Detect VTeX and its facilities (HO)
Package ifvtex Info: VTeX not detected.
Package: intcalc 2007/09/27 v1.1 Expandable calculations with integers (HO)
Package: ifpdf 2011/01/30 v2.3 Provides the ifpdf switch (HO)
Package ifpdf Info: pdfTeX in PDF mode is detected.
Package: etexcmds 2011/02/16 v1.5 Avoid name clashes with e-TeX commands (HO)
Package etexcmds Info: Could not find \expanded.
(etexcmds)             That can mean that you are not using pdfTeX 1.50 or
(etexcmds)             that some package has redefined \expanded.
(etexcmds)             In the latter case, load this package earlier.
Package: kvsetkeys 2012/04/25 v1.16 Key value parser (HO)
Package: kvdefinekeys 2011/04/07 v1.3 Define keys (HO)
Package: pdftexcmds 2011/11/29 v0.20 Utility functions of pdfTeX for LuaTeX (HO
)
Package pdftexcmds Info: LuaTeX not detected.
Package pdftexcmds Info: \pdf@primitive is available.
Package pdftexcmds Info: \pdf@ifprimitive is available.
Package pdftexcmds Info: \pdfdraftmode found.
Package: pdfescape 2011/11/25 v1.13 Implements pdfTeX's escape features (HO)
Package: bigintcalc 2012/04/08 v1.3 Expandable calculations on big integers (HO
)
Package: bitset 2011/01/30 v1.1 Handle bit-vector datatype (HO)
Package: uniquecounter 2011/01/30 v1.2 Provide unlimited unique counter (HO)
)
Package hobsub Info: Skipping package `hobsub' (already loaded).
Package: letltxmacro 2010/09/02 v1.4 Let assignment for LaTeX macros (HO)
Package: hopatch 2012/05/28 v1.2 Wrapper for package hooks (HO)
Package: xcolor-patch 2011/01/30 xcolor patch
Package: atveryend 2011/06/30 v1.8 Hooks at the very end of document (HO)
Package: atbegshi 2011/10/05 v1.16 At begin shipout hook (HO)
Package: refcount 2011/10/16 v3.4 Data extraction from label references (HO)
Package: hycolor 2011/01/30 v1.7 Color options for hyperref/bookmark (HO)
)
(/usr/local/texlive/2013/texmf-dist/tex/generic/ifxetex/ifxetex.sty
Package: ifxetex 2010/09/12 v0.6 Provides ifxetex conditional
)
(/usr/local/texlive/2013/texmf-dist/tex/latex/oberdiek/auxhook.sty
Package: auxhook 2011/03/04 v1.3 Hooks for auxiliary files (HO)
)
(/usr/local/texlive/2013/texmf-dist/tex/latex/oberdiek/kvoptions.sty
Package: kvoptions 2011/06/30 v3.11 Key value format for package options (HO)
)
\@linkdim=\dimen115
\Hy@linkcounter=\count109
\Hy@pagecounter=\count110

(/usr/local/texlive/2013/texmf-dist/tex/latex/hyperref/pd1enc.def
File: pd1enc.def 2012/11/06 v6.83m Hyperref: PDFDocEncoding definition (HO)
)
\Hy@SavedSpaceFactor=\count111

(/usr/local/texlive/2013/texmf-dist/tex/latex/latexconfig/hyperref.cfg
File: hyperref.cfg 2002/06/06 v1.2 hyperref configuration of TeXLive
)
Package hyperref Info: Hyper figures OFF on input line 4443.
Package hyperref Info: Link nesting OFF on input line 4448.
Package hyperref Info: Hyper index ON on input line 4451.
Package hyperref Info: Plain pages OFF on input line 4458.
Package hyperref Info: Backreferencing OFF on input line 4463.
Package hyperref Info: Implicit mode ON; LaTeX internals redefined.
Package hyperref Info: Bookmarks ON on input line 4688.
LaTeX Info: Redefining \href on input line 4952.
\c@Hy@tempcnt=\count112
LaTeX Info: Redefining \url on input line 5041.
\XeTeXLinkMargin=\dimen116
\Fld@menulength=\count113
\Field@Width=\dimen117
\Fld@charsize=\dimen118
Package hyperref Info: Hyper figures OFF on input line 6295.
Package hyperref Info: Link nesting OFF on input line 6300.
Package hyperref Info: Hyper index ON on input line 6303.
Package hyperref Info: backreferencing OFF on input line 6310.
Package hyperref Info: Link coloring OFF on input line 6315.
Package hyperref Info: Link coloring with OCG OFF on input line 6320.
Package hyperref Info: PDF/A mode OFF on input line 6325.
LaTeX Info: Redefining \ref on input line 6365.
LaTeX Info: Redefining \pageref on input line 6369.
\Hy@abspage=\count114
\c@Item=\count115
\c@Hfootnote=\count116
)

Package hyperref Message: Driver (autodetected): hpdftex.

(/usr/local/texlive/2013/texmf-dist/tex/latex/hyperref/hpdftex.def
File: hpdftex.def 2012/11/06 v6.83m Hyperref driver for pdfTeX
\Fld@listcount=\count117
\c@bookmark@seq@number=\count118

(/usr/local/texlive/2013/texmf-dist/tex/latex/oberdiek/rerunfilecheck.sty
Package: rerunfilecheck 2011/04/15 v1.7 Rerun checks for auxiliary files (HO)
Package uniquecounter Info: New unique counter `rerunfilecheck' on input line 2
82.
)
\Hy@SectionHShift=\skip58
)
(/usr/local/texlive/2013/texmf-dist/tex/latex/amsmath/amsmath.sty
Package: amsmath 2013/01/14 v2.14 AMS math features
\@mathmargin=\skip59

For additional information on amsmath, use the `?' option.
(/usr/local/texlive/2013/texmf-dist/tex/latex/amsmath/amstext.sty
Package: amstext 2000/06/29 v2.01

(/usr/local/texlive/2013/texmf-dist/tex/latex/amsmath/amsgen.sty
File: amsgen.sty 1999/11/30 v2.0
\@emptytoks=\toks22
\ex@=\dimen119
)
LaTeX Info: Redefining \text on input line 39.
)
(/usr/local/texlive/2013/texmf-dist/tex/latex/amsmath/amsbsy.sty
Package: amsbsy 1999/11/29 v1.2d
\pmbraise@=\dimen120
)
(/usr/local/texlive/2013/texmf-dist/tex/latex/amsmath/amsopn.sty
Package: amsopn 1999/12/14 v2.01 operator names
)
\inf@bad=\count119
LaTeX Info: Redefining \frac on input line 210.
\uproot@=\count120
\leftroot@=\count121
LaTeX Info: Redefining \overline on input line 306.
\classnum@=\count122
\DOTSCASE@=\count123
LaTeX Info: Redefining \ldots on input line 378.
LaTeX Info: Redefining \dots on input line 381.
LaTeX Info: Redefining \cdots on input line 466.
\Mathstrutbox@=\box45
\strutbox@=\box46
\big@size=\dimen121
LaTeX Font Info:    Redeclaring font encoding OML on input line 566.
LaTeX Font Info:    Redeclaring font encoding OMS on input line 567.
\macc@depth=\count124
\c@MaxMatrixCols=\count125
\dotsspace@=\muskip11
\c@parentequation=\count126
\dspbrk@lvl=\count127
\tag@help=\toks23
\row@=\count128
\column@=\count129
\maxfields@=\count130
\andhelp@=\toks24
\eqnshift@=\dimen122
\alignsep@=\dimen123
\tagshift@=\dimen124
\tagwidth@=\dimen125
\totwidth@=\dimen126
\lineht@=\dimen127
\@envbody=\toks25
\multlinegap=\skip60
\multlinetaggap=\skip61
\mathdisplay@stack=\toks26
LaTeX Info: Redefining \[ on input line 2665.
LaTeX Info: Redefining \] on input line 2666.
)
Class revtex4-1 Info: Patching LaTeX tabular. on input line 31.
Class revtex4-1 Info: Patching unrecognized longtable package. (Proceeding with
 fingers crossed) on input line 31.
Class revtex4-1 Info: Robustifying \LaTeX's \boldmath command on input line 31.

Class revtex4-1 Info: cite was not loaded (OK!) on input line 31.
Class revtex4-1 Info: mcite was not loaded (OK!) on input line 31.
Class revtex4-1 Info: multicol was not loaded (OK!) on input line 31.

(./skeleton.aux)
\openout1 = `skeleton.aux'.

LaTeX Font Info:    Checking defaults for OML/cmm/m/it on input line 31.
LaTeX Font Info:    ... okay on input line 31.
LaTeX Font Info:    Checking defaults for T1/cmr/m/n on input line 31.
LaTeX Font Info:    ... okay on input line 31.
LaTeX Font Info:    Checking defaults for OT1/cmr/m/n on input line 31.
LaTeX Font Info:    ... okay on input line 31.
LaTeX Font Info:    Checking defaults for OMS/cmsy/m/n on input line 31.
LaTeX Font Info:    ... okay on input line 31.
LaTeX Font Info:    Checking defaults for OMX/cmex/m/n on input line 31.
LaTeX Font Info:    ... okay on input line 31.
LaTeX Font Info:    Checking defaults for U/cmr/m/n on input line 31.
LaTeX Font Info:    ... okay on input line 31.
LaTeX Font Info:    Checking defaults for PD1/pdf/m/n on input line 31.
LaTeX Font Info:    ... okay on input line 31.

(/usr/local/texlive/2013/texmf-dist/tex/context/base/supp-pdf.mkii
[Loading MPS to PDF converter (version 2006.09.02).]
\scratchcounter=\count131
\scratchdimen=\dimen128
\scratchbox=\box47
\nofMPsegments=\count132
\nofMParguments=\count133
\everyMPshowfont=\toks27
\MPscratchCnt=\count134
\MPscratchDim=\dimen129
\MPnumerator=\count135
\makeMPintoPDFobject=\count136
\everyMPtoPDFconversion=\toks28
) (/usr/local/texlive/2013/texmf-dist/tex/latex/oberdiek/epstopdf-base.sty
Package: epstopdf-base 2010/02/09 v2.5 Base part for package epstopdf

(/usr/local/texlive/2013/texmf-dist/tex/latex/oberdiek/grfext.sty
Package: grfext 2010/08/19 v1.1 Manage graphics extensions (HO)
)
Package grfext Info: Graphics extension search list:
(grfext)             [.png,.pdf,.jpg,.mps,.jpeg,.jbig2,.jb2,.PNG,.PDF,.JPG,.JPE
G,.JBIG2,.JB2,.eps]
(grfext)             \AppendGraphicsExtensions on input line 452.

(/usr/local/texlive/2013/texmf-dist/tex/latex/latexconfig/epstopdf-sys.cfg
File: epstopdf-sys.cfg 2010/07/13 v1.3 Configuration of (r)epstopdf for TeX Liv
e
))
\AtBeginShipoutBox=\box48
Package hyperref Info: Link coloring OFF on input line 31.

(/usr/local/texlive/2013/texmf-dist/tex/latex/hyperref/nameref.sty
Package: nameref 2012/10/27 v2.43 Cross-referencing by name of section

(/usr/local/texlive/2013/texmf-dist/tex/generic/oberdiek/gettitlestring.sty
Package: gettitlestring 2010/12/03 v1.4 Cleanup title references (HO)
)
\c@section@level=\count137
)
LaTeX Info: Redefining \ref on input line 31.
LaTeX Info: Redefining \pageref on input line 31.
LaTeX Info: Redefining \nameref on input line 31.

(./skeleton.out) (./skeleton.out)
\@outlinefile=\write4
\openout4 = `skeleton.out'.

Class revtex4-1 Info: Taking \maketitle back from hyperref on input line 31.
\openout3 = `skeletonNotes.bib'.

LaTeX Font Info:    Try loading font information for U+lasy on input line 37.

(/usr/local/texlive/2013/texmf-dist/tex/latex/base/ulasy.fd
File: ulasy.fd 1998/08/17 v2.2e LaTeX symbol font definitions
)
LaTeX Font Info:    Try loading font information for U+msa on input line 37.

(/usr/local/texlive/2013/texmf-dist/tex/latex/amsfonts/umsa.fd
File: umsa.fd 2013/01/14 v3.01 AMS symbols A
)
LaTeX Font Info:    Try loading font information for U+msb on input line 37.

(/usr/local/texlive/2013/texmf-dist/tex/latex/amsfonts/umsb.fd
File: umsb.fd 2013/01/14 v3.01 AMS symbols B
)
LaTeX Font Info:    Try loading font information for OML+cmr on input line 64.

(/usr/local/texlive/2013/texmf-dist/tex/latex/base/omlcmr.fd
File: omlcmr.fd 1999/05/25 v2.5h Standard LaTeX font definitions
)
LaTeX Font Info:    Font shape `OML/cmr/m/n' in size <10> not available
(Font)              Font shape `OML/cmm/m/it' tried instead on input line 64.

Underfull \hbox (badness 10000) in paragraph at lines 79--82
[]\OT1/cmr/m/n/10 In this pa-per, we present the de-tec-tion of
 []


Underfull \hbox (badness 1975) in paragraph at lines 79--82
[]\OT1/cmr/m/n/10 line emis-sion to-ward the back-ground
 []


Underfull \hbox (badness 2495) in paragraph at lines 79--82
\OT1/cmr/m/n/10 in Mil-lime-ter As-tron-omy (CARMA), which re-fines
 []

[1{/usr/local/texlive/2013/texmf-var/fonts/map/pdftex/updmap/pdftex.map}]
Underfull \hbox (badness 1072) in paragraph at lines 83--86
[]\OT1/cmr/m/n/10 We adopt a stan-dard $^^C$CDM cos-mo-log-i-cal model
 []


Underfull \hbox (badness 2376) in paragraph at lines 89--111
\OT1/cmr/m/n/10 3mm re-ceivers were used to cover the red-shifted
 []

LaTeX Font Info:    Try loading font information for OMS+cmr on input line 116.

(/usr/local/texlive/2013/texmf-dist/tex/latex/base/omscmr.fd
File: omscmr.fd 1999/05/25 v2.5h Standard LaTeX font definitions
)
LaTeX Font Info:    Font shape `OMS/cmr/m/n' in size <10> not available
(Font)              Font shape `OMS/cmsy/m/n' tried instead on input line 116.

Underfull \hbox (badness 1168) in paragraph at lines 115--117
\OT1/cmr/m/n/10 quency of $\OML/cmm/m/it/10 ^^W[]$\OT1/cmr/m/n/10 =104.2106 GHz
 ($\OMS/cmsy/m/n/10 ^^X$\OT1/cmr/m/n/10 2.9 mm) in the
 []


Underfull \hbox (badness 5622) in paragraph at lines 118--123
\OT1/cmr/m/n/10 HCO$[]$(2$\OMS/cmsy/m/n/10 ^^@$\OT1/cmr/m/n/10 1), HNC($\OML/cm
m/m/it/10 J$\OT1/cmr/m/n/10 =2$\OMS/cmsy/m/n/10 !$\OT1/cmr/m/n/10 1), and H$[]$
O(3$[]$$\OMS/cmsy/m/n/10 ^^@$\OT1/cmr/m/n/10 2$[]$)
 []


Underfull \hbox (badness 10000) in paragraph at lines 118--123

 []


Underfull \hbox (badness 3291) in paragraph at lines 118--123
\OT1/cmr/m/n/10 Question for DR: 3sigma us-ing FWHM or to-tal
 []

<Figure/ContPanel.pdf, id=147, 867.24pt x 361.35pt>
File: Figure/ContPanel.pdf Graphic file (type pdf)
 <use Figure/ContPanel.pdf>
Package pdftex.def Info: Figure/ContPanel.pdf used on input line 126.
(pdftex.def)             Requested size: 410.4955pt x 171.04204pt.


Package hyperref Warning: Token not allowed in a PDF string (PDFDocEncoding):
(hyperref)                \kern 1.66702pt
(hyperref)                removed on input line 137.


Package hyperref Warning: Token not allowed in a PDF string (PDFDocEncoding):
(hyperref)                removing `\\' on input line 137.


Package hyperref Warning: Token not allowed in a PDF string (PDFDocEncoding):
(hyperref)                removing `math shift' on input line 137.


Package hyperref Warning: Token not allowed in a PDF string (PDFDocEncoding):
(hyperref)                removing `math shift' on input line 137.


Package hyperref Warning: Token not allowed in a PDF string (PDFDocEncoding):
(hyperref)                \kern 1.66702pt
(hyperref)                removed on input line 137.


Package hyperref Warning: Token not allowed in a PDF string (PDFDocEncoding):
(hyperref)                \kern 1.66702pt
(hyperref)                removed on input line 137.


Package hyperref Warning: Token not allowed in a PDF string (PDFDocEncoding):
(hyperref)                \kern 1.66702pt
(hyperref)                removed on input line 137.


Package hyperref Warning: Token not allowed in a PDF string (PDFDocEncoding):
(hyperref)                removing `math shift' on input line 137.


Package hyperref Warning: Token not allowed in a PDF string (PDFDocEncoding):
(hyperref)                removing `\rightarrow' on input line 137.


Package hyperref Warning: Token not allowed in a PDF string (PDFDocEncoding):
(hyperref)                removing `math shift' on input line 137.


Package hyperref Warning: Token not allowed in a PDF string (PDFDocEncoding):
(hyperref)                \kern 1.66702pt
(hyperref)                removed on input line 137.


Underfull \hbox (badness 10000) in paragraph at lines 138--143
[]\OT1/cmr/m/n/10 We de-tect []line emis-sion at
 []


Underfull \hbox (badness 2027) in paragraph at lines 138--143
\OMS/cmsy/m/n/10 ^^X$\OT1/cmr/m/n/10 10(?yes?no?)$\OML/cmm/m/it/10 ^^[$ \OT1/cm
r/m/n/10 sig-nif-i-cance to-ward the back-ground
 []


Underfull \hbox (badness 1661) in paragraph at lines 138--143
\OT1/cmr/m/n/10 of the []emission from the data af-ter
 []


Underfull \hbox (badness 1062) in paragraph at lines 138--143
\OT1/cmr/m/n/10 flux of $\OML/cmm/m/it/10 S[]$\OT1/cmr/m/n/10 =10.7$\OMS/cmsy/m
/n/10 ^^F$\OT1/cmr/m/n/10 1.3 Jy kms[] over the FWZI
 []


Underfull \hbox (badness 2932) in paragraph at lines 138--143
\OT1/cmr/m/n/10 mea-sure-ment con-firms the red-shift of SMMJ0939,
 []

<Figure/LinePanel.pdf, id=150, 867.24pt x 361.35pt>
File: Figure/LinePanel.pdf Graphic file (type pdf)
 <use Figure/LinePanel.pdf>
Package pdftex.def Info: Figure/LinePanel.pdf used on input line 146.
(pdftex.def)             Requested size: 410.4955pt x 171.04204pt.
Package epstopdf Info: Source file: <Figure/smmj0939-co32_spec.eps>
(epstopdf)                    date: 2015-07-18 22:19:44
(epstopdf)                    size: 45659 bytes
(epstopdf)             Output file: <Figure/smmj0939-co32_spec-eps-converted-to
.pdf>
(epstopdf)                    date: 2015-07-18 22:20:09
(epstopdf)                    size: 14916 bytes
(epstopdf)             Command: <epstopdf --outfile=Figure/smmj0939-co32_spec-e
ps-converted-to.pdf Figure/smmj0939-co32_spec.eps>
(epstopdf)             \includegraphics on input line 147.
Package epstopdf Info: Output file is already uptodate.

<Figure/smmj0939-co32_spec-eps-converted-to.pdf, id=151, 832.10875pt x 299.1175
pt>
File: Figure/smmj0939-co32_spec-eps-converted-to.pdf Graphic file (type pdf)
 <use Figure/smmj0939-co32_spec-eps-converted-to.pdf>
Package pdftex.def Info: Figure/smmj0939-co32_spec-eps-converted-to.pdf used on
 input line 147.
(pdftex.def)             Requested size: 333.5232pt x 119.89134pt.
 [2] [3 <./Figure/ContPanel.pdf> <./Figure/LinePanel.pdf

pdfTeX warning: /usr/texbin/pdflatex (file ./Figure/LinePanel.pdf): PDF inclusi
on: multiple pdfs with page group included in a single page
> <./Figure/smmj0939-co32_spec-eps-converted-to.pdf>]
Underfull \hbox (badness 10000) in paragraph at lines 173--192
[]\OT1/cmr/m/n/10 We fix the phase cen-ter to co-or-di-nates
 []


Underfull \hbox (badness 10000) in paragraph at lines 173--192
\OT1/cmr/m/n/10 ($\OML/cmm/m/it/10 $\OT1/cmr/m/n/10 ,$\OML/cmm/m/it/10 ^^N$\OT
1/cmr/m/n/10 )(J2000)=(9:39:23.54,83:15:26.10), the an-gu-
 []


Underfull \hbox (badness 1412) in paragraph at lines 173--192
\OT1/cmr/m/n/10 is ob-tained by max-i-miz-ing the Gaus-sian like-li-hood
 []

<Figure/LensedSBmap_model_goodfit1970.pdf, id=509, 373.99725pt x 373.99725pt>
File: Figure/LensedSBmap_model_goodfit1970.pdf Graphic file (type pdf)

<use Figure/LensedSBmap_model_goodfit1970.pdf>
Package pdftex.def Info: Figure/LensedSBmap_model_goodfit1970.pdf used on input
 line 206.
(pdftex.def)             Requested size: 119.04048pt x 119.0367pt.

<Figure/LensedSBmap_residual_goodfit1970.pdf, id=510, 373.99725pt x 373.99725pt
>
File: Figure/LensedSBmap_residual_goodfit1970.pdf Graphic file (type pdf)
 <use Figure/LensedSBmap_residual_goodfit1970.pdf>
Package pdftex.def Info: Figure/LensedSBmap_residual_goodfit1970.pdf used on in
put line 207.
(pdftex.def)             Requested size: 119.04048pt x 119.0367pt.
 (./table_lensParams.tex
Underfull \hbox (badness 2119) in paragraph at lines 216--41
\OT1/cmr/m/n/10 the er-rors. All best-fit pa-ram-e-ters are listed in
 []


Underfull \hbox (badness 1655) in paragraph at lines 216--41
\OT1/cmr/m/n/10 Ta-ble []1[]. The Ein-stein radii as-so-ci-ated with the
 []


Underfull \hbox (badness 1314) in paragraph at lines 216--41
\OT1/cmr/m/n/10 at $\OML/cmm/m/it/10 z$\OT1/cmr/m/n/10 =0.685), the cor-re-spon
d-ing masses within the
 []

) (./table_SED.tex [4 <./Figure/LensedSBmap_model_goodfit1970.pdf> <./Figure/Le
nsedSBmap_residual_goodfit1970.pdf

pdfTeX warning: /usr/texbin/pdflatex (file ./Figure/LensedSBmap_residual_goodfi
t1970.pdf): PDF inclusion: multiple pdfs with page group included in a single p
age
>]) <Figure/3C220_3_FullSED_longticks.pdf, id=652, 578.16pt x 433.62pt>
File: Figure/3C220_3_FullSED_longticks.pdf Graphic file (type pdf)

<use Figure/3C220_3_FullSED_longticks.pdf>
Package pdftex.def Info: Figure/3C220_3_FullSED_longticks.pdf used on input lin
e 264.
(pdftex.def)             Requested size: 256.55872pt x 192.41443pt.

Overfull \hbox (11.29219pt too wide) in paragraph at lines 264--265
 [][] 
 []


Package hyperref Warning: Token not allowed in a PDF string (PDFDocEncoding):
(hyperref)                \kern 1.66702pt
(hyperref)                removed on input line 272.

[5 <./Figure/3C220_3_FullSED_longticks.pdf>] (./table_mbb.tex)
Underfull \hbox (badness 10000) in paragraph at lines 299--306
\OT1/cmr/m/n/10 mi-nos-ity of $\OML/cmm/m/it/10 L[]$\OT1/cmr/m/n/10 =53.3$[]\OM
S/cmsy/m/n/10 ^^B$\OT1/cmr/m/n/10 10$[]$[],
 []


Underfull \hbox (badness 10000) in paragraph at lines 299--306
\OT1/cmr/m/n/10 and a to-tal in-frared (IR) lu-mi-nos-ity of
 []


Underfull \hbox (badness 2237) in paragraph at lines 319--336
\OMS/cmsy/m/n/10 !$ \OT1/cmr/m/n/10 0) traces the cold molec-u-lar gas in the I
SM
 []

[6]
Underfull \hbox (badness 3168) in paragraph at lines 342--350
\OT1/cmr/m/n/10 where $\OML/cmm/m/it/10 ^^W[]$ \OT1/cmr/m/n/10 is the rest-fram
e fre-quency of
 []


Underfull \hbox (badness 6252) in paragraph at lines 342--350
\OT1/cmr/m/n/10 the []line in GHz, $\OML/cmm/m/it/10 D[]$ \OT1/cmr/m/n/10 is th
e lu-
 []


Underfull \hbox (badness 5008) in paragraph at lines 342--350
\OT1/cmr/m/n/10 mi-nos-ity dis-tance in Mpc, and $\OML/cmm/m/it/10 I[]$ \OT1/cm
r/m/n/10 is the
 []


Underfull \hbox (badness 10000) in paragraph at lines 342--350
\OT1/cmr/m/n/10 sponds to $\OML/cmm/m/it/10 L[]$\OT1/cmr/m/n/10 =(2.91$\OMS/cms
y/m/n/10 ^^F$\OT1/cmr/m/n/10 0.78)$\OMS/cmsy/m/n/10 ^^B$\OT1/cmr/m/n/10 10$[]$(
10.1/$\OML/cmm/m/it/10 ^^V[]$\OT1/cmr/m/n/10 )
 []


Underfull \hbox (badness 1874) in paragraph at lines 342--350
\OT1/cmr/m/n/10 the in-ferred to-tal molec-u-lar gas mass is there-fore
 []


Underfull \hbox (badness 1622) in paragraph at lines 372--376
\OT1/cmr/m/n/10 is in []. We em-ploy the FWHM linewidth of
 []


Underfull \hbox (badness 1137) in paragraph at lines 372--376
\OT1/cmr/m/n/10 ra-dius from our lens model for $\OML/cmm/m/it/10 R[]$\OT1/cmr/
m/n/10 , this as-sumes
 []


Underfull \hbox (badness 1983) in paragraph at lines 372--376
\OT1/cmr/m/n/10 gion as the CO. The in-ferred dy-nam-i-cal mass is
 []


Underfull \hbox (badness 10000) in paragraph at lines 378--380
[]\OT1/cmr/m/n/10 To com-pute sur-face den-si-ties, we di-vided
 []


Underfull \hbox (badness 10000) in paragraph at lines 378--380
\OT1/cmr/m/n/10 half the in-ferred SFR and gas mass by the
 []


Underfull \hbox (badness 10000) in paragraph at lines 378--380
\OT1/cmr/m/n/10 area sub-tended by the half-light ra-dius, re-
 []


Underfull \hbox (badness 10000) in paragraph at lines 378--380
\OT1/cmr/m/n/10 sult-ing in $^^F[]$=4.67$\OMS/cmsy/m/n/10 ^^B$\OT1/cmr/m/n/10 1
0$[]$[]kpc$[]$ and
 []


Underfull \hbox (badness 10000) in paragraph at lines 378--380
\OT1/cmr/m/n/10 ^^F[]$=175.20[]yr[]kpc$[]$, in good agree-ment
 []


Underfull \hbox (badness 1189) in paragraph at lines 381--386
\OT1/cmr/m/n/10 a uni-ver-sal Schmidt-Kennicutt re-la-tion be-tween the
 []


Underfull \hbox (badness 5548) in paragraph at lines 391--395
[]\OT1/cmr/m/n/10 The de-tec-tion of CO with CO lu-mi-nos-ity of
 []

(./table_compareSMG.tex) [7] (./skeleton.bbl [8])
<Figure/CorrelationPlot__thick_500_500.png, id=883, 794.97pt x 614.295pt>
File: Figure/CorrelationPlot__thick_500_500.png Graphic file (type png)

<use Figure/CorrelationPlot__thick_500_500.png>
Package pdftex.def Info: Figure/CorrelationPlot__thick_500_500.png used on inpu
t line 425.
(pdftex.def)             Requested size: 241.16582pt x 186.35205pt.

<Figure/CorrelationPlot__thin_testSMA.png, id=885, 794.97pt x 614.295pt>
File: Figure/CorrelationPlot__thin_testSMA.png Graphic file (type png)

<use Figure/CorrelationPlot__thin_testSMA.png>
Package pdftex.def Info: Figure/CorrelationPlot__thin_testSMA.png used on input
 line 426.
(pdftex.def)             Requested size: 241.16582pt x 186.35205pt.
 [9 <./Figure/CorrelationPlot__thick_500_500.png> <./Figure/CorrelationPlot__th
in_testSMA.png>]
Package atveryend Info: Empty hook `AfterLastShipout' on input line 438.
 (./skeleton.aux)
Package atveryend Info: Executing hook `AtVeryEndDocument' on input line 438.
Package atveryend Info: Executing hook `AtEndAfterFileList' on input line 438.
Package rerunfilecheck Info: File `skeleton.out' has not changed.
(rerunfilecheck)             Checksum: BDB6D62E81E8316459D99BCF935060AA;1143.

LaTeX Warning: Label(s) may have changed. Rerun to get cross-references right .


 ) 
Here is how much of TeX's memory you used:
 8811 strings out of 493315
 124914 string characters out of 6137904
 268523 words of memory out of 5000000
 12030 multiletter control sequences out of 15000+600000
 11868 words of font info for 48 fonts, out of 8000000 for 9000
 957 hyphenation exceptions out of 8191
 34i,12n,33p,3239b,630s stack positions out of 5000i,500n,10000p,200000b,80000s
</usr/local/texlive/2013/texmf-dist/fonts/type1/public/amsfonts/cm/cmcsc10.pf
b></usr/local/texlive/2013/texmf-dist/fonts/type1/public/amsfonts/cm/cmex10.pfb
></usr/local/texlive/2013/texmf-dist/fonts/type1/public/amsfonts/cm/cmmi10.pfb>
</usr/local/texlive/2013/texmf-dist/fonts/type1/public/amsfonts/cm/cmmi5.pfb></
usr/local/texlive/2013/texmf-dist/fonts/type1/public/amsfonts/cm/cmmi6.pfb></us
r/local/texlive/2013/texmf-dist/fonts/type1/public/amsfonts/cm/cmmi7.pfb></usr/
local/texlive/2013/texmf-dist/fonts/type1/public/amsfonts/cm/cmmi8.pfb></usr/lo
cal/texlive/2013/texmf-dist/fonts/type1/public/amsfonts/cm/cmr10.pfb></usr/loca
l/texlive/2013/texmf-dist/fonts/type1/public/amsfonts/cm/cmr12.pfb></usr/local/
texlive/2013/texmf-dist/fonts/type1/public/amsfonts/cm/cmr5.pfb></usr/local/tex
live/2013/texmf-dist/fonts/type1/public/amsfonts/cm/cmr6.pfb></usr/local/texliv
e/2013/texmf-dist/fonts/type1/public/amsfonts/cm/cmr7.pfb></usr/local/texlive/2
013/texmf-dist/fonts/type1/public/amsfonts/cm/cmr8.pfb></usr/local/texlive/2013
/texmf-dist/fonts/type1/public/amsfonts/cm/cmr9.pfb></usr/local/texlive/2013/te
xmf-dist/fonts/type1/public/amsfonts/cm/cmsl10.pfb></usr/local/texlive/2013/tex
mf-dist/fonts/type1/public/amsfonts/cm/cmsy10.pfb></usr/local/texlive/2013/texm
f-dist/fonts/type1/public/amsfonts/cm/cmsy5.pfb></usr/local/texlive/2013/texmf-
dist/fonts/type1/public/amsfonts/cm/cmsy6.pfb></usr/local/texlive/2013/texmf-di
st/fonts/type1/public/amsfonts/cm/cmsy7.pfb></usr/local/texlive/2013/texmf-dist
/fonts/type1/public/amsfonts/cm/cmsy8.pfb></usr/local/texlive/2013/texmf-dist/f
onts/type1/public/amsfonts/cm/cmti10.pfb></usr/local/texlive/2013/texmf-dist/fo
nts/type1/public/amsfonts/cm/cmti8.pfb></usr/local/texlive/2013/texmf-dist/font
s/type1/public/amsfonts/cm/cmti9.pfb></usr/local/texlive/2013/texmf-dist/fonts/
type1/public/amsfonts/symbols/msam10.pfb></usr/local/texlive/2013/texmf-dist/fo
nts/type1/urw/helvetic/uhvr8a.pfb>
Output written on skeleton.pdf (9 pages, 1763626 bytes).
PDF statistics:
 994 PDF objects out of 1000 (max. 8388607)
 568 compressed objects within 6 object streams
 110 named destinations out of 1000 (max. 500000)
 185 words of extra memory for PDF output out of 10000 (max. 10000000)

